<?xml version="1.0" encoding="UTF-8"?>
<!-- Generated by org.testng.reporters.JUnitReportReporter -->
<testsuite hostname="BLRCND50035558" name="com.qa.hubspot.tests.LoginPageTest" tests="1" failures="0" timestamp="3 Nov 2020 08:37:47 GMT" time="21.260" errors="0">
  <testcase name="verifyLoginTest" time="21.260" classname="com.qa.hubspot.tests.LoginPageTest"/>
</testsuite> <!-- com.qa.hubspot.tests.LoginPageTest -->
